<?xml version="1.0" encoding="UTF-8"?>
<!-- Generated by org.testng.reporters.JUnitReportReporter -->
<testsuite hostname="Dell" name="test.myTest" tests="1" failures="0" timestamp="4 Mar 2014 19:35:55 GMT" time="0.651" errors="0">
  <testcase name="testEightPuzzleAStar" time="0.651" classname="test.myTest"/>
</testsuite> <!-- test.myTest -->
