<?xml version="1.0" encoding="UTF-8"?>
<!-- Generated by org.testng.reporters.JUnitReportReporter -->
<testsuite hostname="Dell" name="test.myTest" tests="2" failures="0" timestamp="4 Mar 2014 23:32:04 GMT" time="0.635" errors="0">
  <testcase name="testEightPuzzleAStar" time="0.626" classname="test.myTest"/>
  <testcase name="testStringPuzzleAStar" time="0.009" classname="test.myTest"/>
</testsuite> <!-- test.myTest -->
