<?xml version="1.0" encoding="UTF-8"?>
<!-- Generated by org.testng.reporters.JUnitReportReporter -->
<testsuite hostname="Jordan_Laptop" name="rp.robotics.mapping.DirectionMeasurementsTest" tests="7" failures="0" timestamp="27 Mar 2014 08:38:01 GMT" time="0.474" errors="0">
  <testcase name="testEquality" time="0.003" classname="rp.robotics.mapping.DirectionMeasurementsTest"/>
  <testcase name="test_90_OrienationCorrection" time="0.002" classname="rp.robotics.mapping.DirectionMeasurementsTest"/>
  <testcase name="testRotation" time="0.003" classname="rp.robotics.mapping.DirectionMeasurementsTest"/>
  <testcase name="test_180_OrienationCorrection" time="0.003" classname="rp.robotics.mapping.DirectionMeasurementsTest"/>
  <testcase name="testConstructor" time="0.124" classname="rp.robotics.mapping.DirectionMeasurementsTest"/>
  <testcase name="testProbabilityByDifference" time="0.099" classname="rp.robotics.mapping.DirectionMeasurementsTest"/>
  <testcase name="test_270_OrienationCorrection" time="0.240" classname="rp.robotics.mapping.DirectionMeasurementsTest"/>
</testsuite> <!-- rp.robotics.mapping.DirectionMeasurementsTest -->
